13-06-2025 09:26:19,483  INFO  - stenerEventAbrirFecharMenu - expandir menu
13-06-2025 09:26:19,483  INFO  - stenerEventAbrirFecharMenu - expandir menu
13-06-2025 10:02:08,805  INFO  - stenerEventAbrirFecharMenu - expandir menu
13-06-2025 10:02:08,805  INFO  - stenerEventAbrirFecharMenu - expandir menu
13-06-2025 10:17:47,341  INFO  - stenerEventAbrirFecharMenu - expandir menu
13-06-2025 10:17:47,341  INFO  - stenerEventAbrirFecharMenu - expandir menu
13-06-2025 10:18:18,840  INFO  - stenerEventAbrirFecharMenu - expandir menu
13-06-2025 10:18:18,840  INFO  - stenerEventAbrirFecharMenu - expandir menu
13-06-2025 10:18:20,029  INFO  - stenerEventAbrirFecharMenu - expandir menu
13-06-2025 10:18:20,029  INFO  - stenerEventAbrirFecharMenu - expandir menu
13-06-2025 10:21:22,858  INFO  - stenerEventAbrirFecharMenu - expandir menu
13-06-2025 10:21:22,858  INFO  - stenerEventAbrirFecharMenu - expandir menu
13-06-2025 10:31:57,340  INFO  - stenerEventAbrirFecharMenu - expandir menu
13-06-2025 10:31:57,340  INFO  - stenerEventAbrirFecharMenu - expandir menu
13-06-2025 10:33:26,547  INFO  - stenerEventAbrirFecharMenu - expandir menu
13-06-2025 10:33:26,547  INFO  - stenerEventAbrirFecharMenu - expandir menu
13-06-2025 10:33:28,463  INFO  - stenerEventAbrirFecharMenu - expandir menu
13-06-2025 10:33:28,463  INFO  - stenerEventAbrirFecharMenu - expandir menu
13-06-2025 10:33:29,655  INFO  - stenerEventAbrirFecharMenu - expandir menu
13-06-2025 10:33:29,655  INFO  - stenerEventAbrirFecharMenu - expandir menu
13-06-2025 10:37:46,254  INFO  - stenerEventAbrirFecharMenu - expandir menu
13-06-2025 10:37:46,254  INFO  - stenerEventAbrirFecharMenu - expandir menu
13-06-2025 10:37:51,808  ERROR - ConfigController           - xxxxxxxcom.dsg.nexusmod.configuracao.ui.ConfigView
13-06-2025 10:42:45,321  INFO  - AbstractController         - Registrando action para o MouseButton1: ItemMenu[textState=org.liquidengine.legui.component.optional.TextState@6d9d7a93[text=.              ,caretPosition=0,mouseCaretPosition=0,startSelectionIndex=0,endSelectionIndex=0,editable=true]]
13-06-2025 10:42:45,321  INFO  - AbstractController         - Registrando action para o MouseButton1: ItemMenu[textState=org.liquidengine.legui.component.optional.TextState@6d9d7a93[text=.              ,caretPosition=0,mouseCaretPosition=0,startSelectionIndex=0,endSelectionIndex=0,editable=true]]
13-06-2025 10:42:45,323  INFO  - AbstractController         - Registrando action para o MouseButton1: ItemMenu[textState=org.liquidengine.legui.component.optional.TextState@380c4bfb[text=.              Configuração,caretPosition=0,mouseCaretPosition=0,startSelectionIndex=0,endSelectionIndex=0,editable=true]]
13-06-2025 10:42:45,323  INFO  - AbstractController         - Registrando action para o MouseButton1: ItemMenu[textState=org.liquidengine.legui.component.optional.TextState@380c4bfb[text=.              Configuração,caretPosition=0,mouseCaretPosition=0,startSelectionIndex=0,endSelectionIndex=0,editable=true]]
13-06-2025 10:42:45,325  INFO  - AbstractController         - Registrando action para o MouseButton1: ItemMenu[textState=org.liquidengine.legui.component.optional.TextState@43447b27[text=.              Sair,caretPosition=0,mouseCaretPosition=0,startSelectionIndex=0,endSelectionIndex=0,editable=true]]
13-06-2025 10:42:45,325  INFO  - AbstractController         - Registrando action para o MouseButton1: ItemMenu[textState=org.liquidengine.legui.component.optional.TextState@43447b27[text=.              Sair,caretPosition=0,mouseCaretPosition=0,startSelectionIndex=0,endSelectionIndex=0,editable=true]]
13-06-2025 10:42:45,326  INFO  - stenerEventAbrirFecharMenu - expandir menu
13-06-2025 10:42:45,326  INFO  - stenerEventAbrirFecharMenu - expandir menu
13-06-2025 10:42:48,377  INFO  - AbstractController         - Executando  action PRESS 
13-06-2025 10:42:48,377  INFO  - AbstractController         - Executando  action PRESS 
13-06-2025 10:42:48,447  INFO  - AbstractController         - Executando  action CLICK 
13-06-2025 10:42:48,447  INFO  - AbstractController         - Executando  action CLICK 
13-06-2025 10:42:48,450  ERROR - ConfigController           - xxxxxxxcom.dsg.nexusmod.configuracao.ui.ConfigView
13-06-2025 10:42:48,451  INFO  - AbstractController         - Registrando action para o MouseButton1: Button[textState=org.liquidengine.legui.component.optional.TextState@56c9bbd8[text=criar menu,caretPosition=0,mouseCaretPosition=0,startSelectionIndex=0,endSelectionIndex=0,editable=true]]
13-06-2025 10:42:48,451  INFO  - AbstractController         - Registrando action para o MouseButton1: Button[textState=org.liquidengine.legui.component.optional.TextState@56c9bbd8[text=criar menu,caretPosition=0,mouseCaretPosition=0,startSelectionIndex=0,endSelectionIndex=0,editable=true]]
13-06-2025 10:42:48,451  INFO  - AbstractController         - Registrando action para o MouseButton1: Button[textState=org.liquidengine.legui.component.optional.TextState@f79a760[text=Cancelar,caretPosition=0,mouseCaretPosition=0,startSelectionIndex=0,endSelectionIndex=0,editable=true]]
13-06-2025 10:42:48,451  INFO  - AbstractController         - Registrando action para o MouseButton1: Button[textState=org.liquidengine.legui.component.optional.TextState@f79a760[text=Cancelar,caretPosition=0,mouseCaretPosition=0,startSelectionIndex=0,endSelectionIndex=0,editable=true]]
13-06-2025 10:42:48,451  INFO  - AbstractController         - Executando  action RELEASE 
13-06-2025 10:42:48,451  INFO  - AbstractController         - Executando  action RELEASE 
13-06-2025 10:48:49,631  INFO  - AbstractController         - Executando  action PRESS 
13-06-2025 10:48:49,631  INFO  - AbstractController         - Executando  action PRESS 
13-06-2025 10:48:49,733  INFO  - AbstractController         - Executando  action CLICK 
13-06-2025 10:48:49,733  INFO  - AbstractController         - Executando  action CLICK 
13-06-2025 10:48:49,735  ERROR - ConfigController           - xxxxxxxcom.dsg.nexusmod.configuracao.ui.ConfigView
13-06-2025 10:48:49,735  INFO  - AbstractController         - Registrando action para o MouseButton1: Button[textState=org.liquidengine.legui.component.optional.TextState@619bfe29[text=criar menu,caretPosition=0,mouseCaretPosition=0,startSelectionIndex=0,endSelectionIndex=0,editable=true]]
13-06-2025 10:48:49,735  INFO  - AbstractController         - Registrando action para o MouseButton1: Button[textState=org.liquidengine.legui.component.optional.TextState@619bfe29[text=criar menu,caretPosition=0,mouseCaretPosition=0,startSelectionIndex=0,endSelectionIndex=0,editable=true]]
13-06-2025 10:48:49,735  INFO  - AbstractController         - Registrando action para o MouseButton1: Button[textState=org.liquidengine.legui.component.optional.TextState@1eb6749b[text=Cancelar,caretPosition=0,mouseCaretPosition=0,startSelectionIndex=0,endSelectionIndex=0,editable=true]]
13-06-2025 10:48:49,735  INFO  - AbstractController         - Registrando action para o MouseButton1: Button[textState=org.liquidengine.legui.component.optional.TextState@1eb6749b[text=Cancelar,caretPosition=0,mouseCaretPosition=0,startSelectionIndex=0,endSelectionIndex=0,editable=true]]
13-06-2025 10:48:49,735  INFO  - AbstractController         - Executando  action RELEASE 
13-06-2025 10:48:49,735  INFO  - AbstractController         - Executando  action RELEASE 
13-06-2025 10:48:51,082  INFO  - AbstractController         - Executando  action PRESS 
13-06-2025 10:48:51,082  INFO  - AbstractController         - Executando  action PRESS 
13-06-2025 10:48:51,163  INFO  - AbstractController         - Executando  action CLICK 
13-06-2025 10:48:51,163  INFO  - AbstractController         - Executando  action CLICK 
13-06-2025 10:48:51,164  ERROR - ConfigController           - xxxxxxxcom.dsg.nexusmod.configuracao.ui.ConfigView
13-06-2025 10:48:51,164  INFO  - AbstractController         - Registrando action para o MouseButton1: Button[textState=org.liquidengine.legui.component.optional.TextState@650eab8[text=criar menu,caretPosition=0,mouseCaretPosition=0,startSelectionIndex=0,endSelectionIndex=0,editable=true]]
13-06-2025 10:48:51,164  INFO  - AbstractController         - Registrando action para o MouseButton1: Button[textState=org.liquidengine.legui.component.optional.TextState@650eab8[text=criar menu,caretPosition=0,mouseCaretPosition=0,startSelectionIndex=0,endSelectionIndex=0,editable=true]]
13-06-2025 10:48:51,164  INFO  - AbstractController         - Registrando action para o MouseButton1: Button[textState=org.liquidengine.legui.component.optional.TextState@1e1d3956[text=Cancelar,caretPosition=0,mouseCaretPosition=0,startSelectionIndex=0,endSelectionIndex=0,editable=true]]
13-06-2025 10:48:51,164  INFO  - AbstractController         - Registrando action para o MouseButton1: Button[textState=org.liquidengine.legui.component.optional.TextState@1e1d3956[text=Cancelar,caretPosition=0,mouseCaretPosition=0,startSelectionIndex=0,endSelectionIndex=0,editable=true]]
13-06-2025 10:48:51,164  INFO  - AbstractController         - Executando  action RELEASE 
13-06-2025 10:48:51,164  INFO  - AbstractController         - Executando  action RELEASE 
13-06-2025 10:48:53,244  INFO  - AbstractController         - Executando  action PRESS 
13-06-2025 10:48:53,244  INFO  - AbstractController         - Executando  action PRESS 
13-06-2025 10:48:53,373  INFO  - AbstractController         - Executando  action CLICK 
13-06-2025 10:48:53,373  INFO  - AbstractController         - Executando  action CLICK 
13-06-2025 10:48:53,374  ERROR - ConfigController           - xxxxxxxcom.dsg.nexusmod.configuracao.ui.ConfigView
13-06-2025 10:48:53,374  INFO  - AbstractController         - Registrando action para o MouseButton1: Button[textState=org.liquidengine.legui.component.optional.TextState@24d4d7c9[text=criar menu,caretPosition=0,mouseCaretPosition=0,startSelectionIndex=0,endSelectionIndex=0,editable=true]]
13-06-2025 10:48:53,374  INFO  - AbstractController         - Registrando action para o MouseButton1: Button[textState=org.liquidengine.legui.component.optional.TextState@24d4d7c9[text=criar menu,caretPosition=0,mouseCaretPosition=0,startSelectionIndex=0,endSelectionIndex=0,editable=true]]
13-06-2025 10:48:53,374  INFO  - AbstractController         - Registrando action para o MouseButton1: Button[textState=org.liquidengine.legui.component.optional.TextState@4c37b5b[text=Cancelar,caretPosition=0,mouseCaretPosition=0,startSelectionIndex=0,endSelectionIndex=0,editable=true]]
13-06-2025 10:48:53,374  INFO  - AbstractController         - Registrando action para o MouseButton1: Button[textState=org.liquidengine.legui.component.optional.TextState@4c37b5b[text=Cancelar,caretPosition=0,mouseCaretPosition=0,startSelectionIndex=0,endSelectionIndex=0,editable=true]]
13-06-2025 10:48:53,375  INFO  - AbstractController         - Executando  action RELEASE 
13-06-2025 10:48:53,375  INFO  - AbstractController         - Executando  action RELEASE 
13-06-2025 10:50:28,359  INFO  - stenerEventAbrirFecharMenu - expandir menu
13-06-2025 10:50:28,359  INFO  - stenerEventAbrirFecharMenu - expandir menu
13-06-2025 10:50:37,073  ERROR - ConfigController           - xxxxxxxcom.dsg.nexusmod.configuracao.ui.ConfigView
13-06-2025 10:51:37,481  ERROR - ConfigController           - xxxxxxxcom.dsg.nexusmod.configuracao.ui.ConfigView
13-06-2025 10:54:51,116  ERROR - ConfigController           - xxxxxxxcom.dsg.nexusmod.configuracao.ui.ConfigView
13-06-2025 11:01:34,380  INFO  - enerEventAdicionarItemMenu - nome:; action:true;  configSubMenuButtonMouse2:false;  event.menuFlutuante.isEmpty():true
13-06-2025 11:01:34,380  INFO  - enerEventAdicionarItemMenu - nome:; action:true;  configSubMenuButtonMouse2:false;  event.menuFlutuante.isEmpty():true
13-06-2025 11:01:34,407  INFO  - enerEventAdicionarItemMenu - nome:Configuração; action:true;  configSubMenuButtonMouse2:false;  event.menuFlutuante.isEmpty():true
13-06-2025 11:01:34,407  INFO  - enerEventAdicionarItemMenu - nome:Configuração; action:true;  configSubMenuButtonMouse2:false;  event.menuFlutuante.isEmpty():true
13-06-2025 11:01:34,409  INFO  - enerEventAdicionarItemMenu - nome:Sair; action:true;  configSubMenuButtonMouse2:false;  event.menuFlutuante.isEmpty():true
13-06-2025 11:01:34,409  INFO  - enerEventAdicionarItemMenu - nome:Sair; action:true;  configSubMenuButtonMouse2:false;  event.menuFlutuante.isEmpty():true
13-06-2025 11:01:34,410  INFO  - stenerEventAbrirFecharMenu - expandir menu
13-06-2025 11:01:34,410  INFO  - stenerEventAbrirFecharMenu - expandir menu
13-06-2025 11:01:36,565  ERROR - ConfigController           - xxxxxxxcom.dsg.nexusmod.configuracao.ui.ConfigView
13-06-2025 11:01:41,513  ERROR - ConfigController           - xxxxxxxcom.dsg.nexusmod.configuracao.ui.ConfigView
13-06-2025 11:01:50,254  ERROR - ConfigController           - xxxxxxxcom.dsg.nexusmod.configuracao.ui.ConfigView
13-06-2025 11:01:51,040  ERROR - ConfigController           - xxxxxxxcom.dsg.nexusmod.configuracao.ui.ConfigView
13-06-2025 11:01:51,747  ERROR - ConfigController           - xxxxxxxcom.dsg.nexusmod.configuracao.ui.ConfigView
13-06-2025 11:01:52,488  ERROR - ConfigController           - xxxxxxxcom.dsg.nexusmod.configuracao.ui.ConfigView
13-06-2025 11:01:56,296  ERROR - ConfigController           - xxxxxxxcom.dsg.nexusmod.configuracao.ui.ConfigView
13-06-2025 11:01:57,004  ERROR - ConfigController           - xxxxxxxcom.dsg.nexusmod.configuracao.ui.ConfigView
13-06-2025 11:01:58,260  ERROR - ConfigController           - xxxxxxxcom.dsg.nexusmod.configuracao.ui.ConfigView
13-06-2025 11:04:40,521  INFO  - enerEventAdicionarItemMenu - nome:; action:true;  configSubMenuButtonMouse2:false;  event.menuFlutuante.isEmpty():true
13-06-2025 11:04:40,521  INFO  - enerEventAdicionarItemMenu - nome:; action:true;  configSubMenuButtonMouse2:false;  event.menuFlutuante.isEmpty():true
13-06-2025 11:04:40,544  INFO  - enerEventAdicionarItemMenu - nome:Configuração; action:true;  configSubMenuButtonMouse2:false;  event.menuFlutuante.isEmpty():true
13-06-2025 11:04:40,544  INFO  - enerEventAdicionarItemMenu - nome:Configuração; action:true;  configSubMenuButtonMouse2:false;  event.menuFlutuante.isEmpty():true
13-06-2025 11:04:40,545  INFO  - enerEventAdicionarItemMenu - nome:Sair; action:true;  configSubMenuButtonMouse2:false;  event.menuFlutuante.isEmpty():true
13-06-2025 11:04:40,545  INFO  - enerEventAdicionarItemMenu - nome:Sair; action:true;  configSubMenuButtonMouse2:false;  event.menuFlutuante.isEmpty():true
13-06-2025 11:04:40,546  INFO  - stenerEventAbrirFecharMenu - expandir menu
13-06-2025 11:04:40,546  INFO  - stenerEventAbrirFecharMenu - expandir menu
13-06-2025 11:04:41,908  ERROR - ConfigController           - xxxxxxxcom.dsg.nexusmod.configuracao.ui.ConfigView
13-06-2025 11:05:00,474  INFO  - stenerEventAbrirFecharMenu - expandir menu
13-06-2025 11:05:00,474  INFO  - stenerEventAbrirFecharMenu - expandir menu
13-06-2025 11:05:03,655  INFO  - stenerEventAbrirFecharMenu - expandir menu
13-06-2025 11:05:03,655  INFO  - stenerEventAbrirFecharMenu - expandir menu
13-06-2025 11:05:24,927  INFO  - stenerEventAbrirFecharMenu - expandir menu
13-06-2025 11:05:24,927  INFO  - stenerEventAbrirFecharMenu - expandir menu
13-06-2025 11:05:26,096  INFO  - stenerEventAbrirFecharMenu - expandir menu
13-06-2025 11:05:26,096  INFO  - stenerEventAbrirFecharMenu - expandir menu
13-06-2025 11:05:29,285  ERROR - ConfigController           - xxxxxxxcom.dsg.nexusmod.configuracao.ui.ConfigView
13-06-2025 11:05:31,114  ERROR - ConfigController           - xxxxxxxcom.dsg.nexusmod.configuracao.ui.ConfigView
13-06-2025 11:05:35,451  ERROR - ConfigController           - xxxxxxxcom.dsg.nexusmod.configuracao.ui.ConfigView
13-06-2025 11:05:37,568  ERROR - ConfigController           - xxxxxxxcom.dsg.nexusmod.configuracao.ui.ConfigView
13-06-2025 11:06:12,567  INFO  - enerEventAdicionarItemMenu - nome:; action:true;  configSubMenuButtonMouse2:false;  event.menuFlutuante.isEmpty():true
13-06-2025 11:06:12,567  INFO  - enerEventAdicionarItemMenu - nome:; action:true;  configSubMenuButtonMouse2:false;  event.menuFlutuante.isEmpty():true
13-06-2025 11:06:12,591  INFO  - enerEventAdicionarItemMenu - nome:Configuração; action:true;  configSubMenuButtonMouse2:false;  event.menuFlutuante.isEmpty():true
13-06-2025 11:06:12,591  INFO  - enerEventAdicionarItemMenu - nome:Configuração; action:true;  configSubMenuButtonMouse2:false;  event.menuFlutuante.isEmpty():true
13-06-2025 11:06:12,592  INFO  - enerEventAdicionarItemMenu - nome:Sair; action:true;  configSubMenuButtonMouse2:false;  event.menuFlutuante.isEmpty():true
13-06-2025 11:06:12,592  INFO  - enerEventAdicionarItemMenu - nome:Sair; action:true;  configSubMenuButtonMouse2:false;  event.menuFlutuante.isEmpty():true
13-06-2025 11:06:12,594  INFO  - stenerEventAbrirFecharMenu - expandir menu
13-06-2025 11:06:12,594  INFO  - stenerEventAbrirFecharMenu - expandir menu
13-06-2025 11:06:21,814  ERROR - ConfigController           - xxxxxxxcom.dsg.nexusmod.configuracao.ui.ConfigView
13-06-2025 11:14:18,561  INFO  - enerEventAdicionarItemMenu - nome:; action:true;  configSubMenuButtonMouse2:false;  event.menuFlutuante.isEmpty():true
13-06-2025 11:14:18,561  INFO  - enerEventAdicionarItemMenu - nome:; action:true;  configSubMenuButtonMouse2:false;  event.menuFlutuante.isEmpty():true
13-06-2025 11:14:18,587  INFO  - enerEventAdicionarItemMenu - nome:Configuração; action:true;  configSubMenuButtonMouse2:false;  event.menuFlutuante.isEmpty():true
13-06-2025 11:14:18,587  INFO  - enerEventAdicionarItemMenu - nome:Configuração; action:true;  configSubMenuButtonMouse2:false;  event.menuFlutuante.isEmpty():true
13-06-2025 11:14:18,589  INFO  - enerEventAdicionarItemMenu - nome:Configuração2; action:true;  configSubMenuButtonMouse2:false;  event.menuFlutuante.isEmpty():true
13-06-2025 11:14:18,589  INFO  - enerEventAdicionarItemMenu - nome:Configuração2; action:true;  configSubMenuButtonMouse2:false;  event.menuFlutuante.isEmpty():true
13-06-2025 11:14:18,590  INFO  - enerEventAdicionarItemMenu - nome:Sair; action:true;  configSubMenuButtonMouse2:false;  event.menuFlutuante.isEmpty():true
13-06-2025 11:14:18,590  INFO  - enerEventAdicionarItemMenu - nome:Sair; action:true;  configSubMenuButtonMouse2:false;  event.menuFlutuante.isEmpty():true
13-06-2025 11:14:18,591  INFO  - stenerEventAbrirFecharMenu - expandir menu
13-06-2025 11:14:18,591  INFO  - stenerEventAbrirFecharMenu - expandir menu
13-06-2025 11:14:21,573  ERROR - ConfigController           - xxxxxxxcom.dsg.nexusmod.configuracao.ui.ConfigView
13-06-2025 11:16:19,068  INFO  - enerEventAdicionarItemMenu - nome:; action:true;  configSubMenuButtonMouse2:false;  event.menuFlutuante.isEmpty():true
13-06-2025 11:16:19,068  INFO  - enerEventAdicionarItemMenu - nome:; action:true;  configSubMenuButtonMouse2:false;  event.menuFlutuante.isEmpty():true
13-06-2025 11:16:19,090  INFO  - enerEventAdicionarItemMenu - nome:Configuração; action:true;  configSubMenuButtonMouse2:false;  event.menuFlutuante.isEmpty():true
13-06-2025 11:16:19,090  INFO  - enerEventAdicionarItemMenu - nome:Configuração; action:true;  configSubMenuButtonMouse2:false;  event.menuFlutuante.isEmpty():true
13-06-2025 11:16:19,091  INFO  - enerEventAdicionarItemMenu - nome:Configuração2; action:true;  configSubMenuButtonMouse2:false;  event.menuFlutuante.isEmpty():true
13-06-2025 11:16:19,091  INFO  - enerEventAdicionarItemMenu - nome:Configuração2; action:true;  configSubMenuButtonMouse2:false;  event.menuFlutuante.isEmpty():true
13-06-2025 11:16:19,092  INFO  - enerEventAdicionarItemMenu - nome:Sair; action:true;  configSubMenuButtonMouse2:false;  event.menuFlutuante.isEmpty():true
13-06-2025 11:16:19,092  INFO  - enerEventAdicionarItemMenu - nome:Sair; action:true;  configSubMenuButtonMouse2:false;  event.menuFlutuante.isEmpty():true
13-06-2025 11:16:19,094  INFO  - stenerEventAbrirFecharMenu - expandir menu
13-06-2025 11:16:19,094  INFO  - stenerEventAbrirFecharMenu - expandir menu
13-06-2025 11:16:33,903  INFO  - stenerEventAbrirFecharMenu - expandir menu
13-06-2025 11:16:33,903  INFO  - stenerEventAbrirFecharMenu - expandir menu
13-06-2025 11:16:35,424  INFO  - stenerEventAbrirFecharMenu - expandir menu
13-06-2025 11:16:35,424  INFO  - stenerEventAbrirFecharMenu - expandir menu
